<?xml version="1.0" encoding="UTF-8"?>
<!-- Generated by org.testng.reporters.JUnitReportReporter -->
<testsuite hostname="ABC-WSTND-FNC0-PC" name="com.blogspot.na5cent.exom.LoadExcel2Model" tests="1" failures="0" timestamp="3 Oct 2017 08:01:13 GMT" time="0.616" errors="0">
  <testcase name="test" time="0.616" classname="com.blogspot.na5cent.exom.LoadExcel2Model"/>
</testsuite> <!-- com.blogspot.na5cent.exom.LoadExcel2Model -->
